Experiments/cvcuts/InterfaceBarImplement/app/build/intermediates/manifest_merge_blame_file/debug/manifest-merger-blame-debug-report.txt
1<?xml version="1.0" encoding="utf-8"?>
2<manifest xmlns:android="http://schemas.android.com/apk/res/android"
3    package="com.example.sumon.androidvolley"
4    android:versionCode="1"
5    android:versionName="1.0" >
6
7    <uses-sdk
8        android:minSdkVersion="26"
9        android:targetSdkVersion="31" />
10
11    <uses-permission android:name="android.permission.INTERNET" />
11-->src\main\AndroidManifest.xml:3:5-67
11-->src\main\AndroidManifest.xml:3:22-64
12
13    <permission
13-->[androidx.core:core:1.9.0] AndroidManifest.xml:22:5-24:47
14        android:name="com.example.sumon.androidvolley.DYNAMIC_RECEIVER_NOT_EXPORTED_PERMISSION"
14-->[androidx.core:core:1.9.0] AndroidManifest.xml:23:9-81
15        android:protectionLevel="signature" />
15-->[androidx.core:core:1.9.0] AndroidManifest.xml:24:9-44
16
17    <uses-permission android:name="com.example.sumon.androidvolley.DYNAMIC_RECEIVER_NOT_EXPORTED_PERMISSION" />
17-->[androidx.core:core:1.9.0] AndroidManifest.xml:26:5-97
17-->[androidx.core:core:1.9.0] AndroidManifest.xml:26:22-94
18
19    <application
19-->src\main\AndroidManifest.xml:5:5-25:19
20        android:name="com.example.sumon.androidvolley.app.AppController"
20-->src\main\AndroidManifest.xml:7:9-73
21        android:allowBackup="true"
21-->src\main\AndroidManifest.xml:8:9-35
22        android:appComponentFactory="androidx.core.app.CoreComponentFactory"
22-->[androidx.core:core:1.9.0] AndroidManifest.xml:28:18-86
23        android:debuggable="true"
24        android:extractNativeLibs="false"
25        android:icon="@mipmap/ic_launcher"
25-->src\main\AndroidManifest.xml:9:9-43
26        android:label="@string/app_name"
26-->src\main\AndroidManifest.xml:10:9-41
27        android:roundIcon="@mipmap/ic_launcher_round"
27-->src\main\AndroidManifest.xml:11:9-54
28        android:supportsRtl="true"
28-->src\main\AndroidManifest.xml:12:9-35
29        android:testOnly="true"
30        android:theme="@style/AppTheme"
30-->src\main\AndroidManifest.xml:13:9-40
31        android:usesCleartextTraffic="true" >
31-->src\main\AndroidManifest.xml:6:9-44
32        <activity
32-->src\main\AndroidManifest.xml:14:9-21:20
33            android:name="com.example.sumon.androidvolley.MainActivity"
33-->src\main\AndroidManifest.xml:14:19-47
34            android:exported="true" >
34-->src\main\AndroidManifest.xml:15:13-36
35            <intent-filter>
35-->src\main\AndroidManifest.xml:16:13-20:29
36                <action android:name="android.intent.action.MAIN" />
36-->src\main\AndroidManifest.xml:17:17-69
36-->src\main\AndroidManifest.xml:17:25-66
37
38                <category android:name="android.intent.category.LAUNCHER" />
38-->src\main\AndroidManifest.xml:19:17-77
38-->src\main\AndroidManifest.xml:19:27-74
39            </intent-filter>
40        </activity>
41        <activity android:name="com.example.sumon.androidvolley.MessageBoard" />
41-->src\main\AndroidManifest.xml:22:9-59
41-->src\main\AndroidManifest.xml:22:19-47
42        <activity android:name="com.example.sumon.androidvolley.LeaderboardActivity" />
42-->src\main\AndroidManifest.xml:23:9-66
42-->src\main\AndroidManifest.xml:23:19-54
43        <activity android:name="com.example.sumon.androidvolley.ArtistActivity" />
43-->src\main\AndroidManifest.xml:24:9-61
43-->src\main\AndroidManifest.xml:24:19-49
44
45        <provider
45-->[androidx.emoji2:emoji2:1.2.0] AndroidManifest.xml:24:9-32:20
46            android:name="androidx.startup.InitializationProvider"
46-->[androidx.emoji2:emoji2:1.2.0] AndroidManifest.xml:25:13-67
47            android:authorities="com.example.sumon.androidvolley.androidx-startup"
47-->[androidx.emoji2:emoji2:1.2.0] AndroidManifest.xml:26:13-68
48            android:exported="false" >
48-->[androidx.emoji2:emoji2:1.2.0] AndroidManifest.xml:27:13-37
49            <meta-data
49-->[androidx.emoji2:emoji2:1.2.0] AndroidManifest.xml:29:13-31:52
50                android:name="androidx.emoji2.text.EmojiCompatInitializer"
50-->[androidx.emoji2:emoji2:1.2.0] AndroidManifest.xml:30:17-75
51                android:value="androidx.startup" />
51-->[androidx.emoji2:emoji2:1.2.0] AndroidManifest.xml:31:17-49
52            <meta-data
52-->[androidx.lifecycle:lifecycle-process:2.4.1] AndroidManifest.xml:31:13-33:52
53                android:name="androidx.lifecycle.ProcessLifecycleInitializer"
53-->[androidx.lifecycle:lifecycle-process:2.4.1] AndroidManifest.xml:32:17-78
54                android:value="androidx.startup" />
54-->[androidx.lifecycle:lifecycle-process:2.4.1] AndroidManifest.xml:33:17-49
55        </provider>
56    </application>
57
58</manifest>